<?xml version="1.0" encoding="UTF-8"?>
<testsuite xmlns:xsi="http://www.w3.org/2001/XMLSchema-instance" xsi:noNamespaceSchemaLocation="https://maven.apache.org/surefire/maven-surefire-plugin/xsd/surefire-test-report-3.0.xsd" version="3.0" name="online.zust.qcqcqc.utils.TestDemos" time="19.219" tests="10" errors="0" skipped="0" failures="0">
  <properties>
[...]
</properties>
  <testcase name="testException" classname="online.zust.qcqcqc.utils.TestDemos" time="1.147">
    <system-out><![CDATA[15:03:23.988 [main] DEBUG org.springframework.scheduling.concurrent.ThreadPoolTaskExecutor - Initializing ExecutorService
start promise....
返回结果为运行出错啦，进入异常回调
返回结果为456，进入finally回调
Promise结果为：456
]]></system-out>
  </testcase>
  <testcase name="testThreads" classname="online.zust.qcqcqc.utils.TestDemos" time="8.029">
    <system-out><![CDATA[15:03:25.020 [main] DEBUG org.springframework.scheduling.concurrent.ThreadPoolTaskExecutor - Initializing ExecutorService
主线程已完成，等待3秒钟
start wait.....
尝试获取Promise结果
15:03:28.031 [1711350203980-exec-1] ERROR online.zust.qcqcqc.utils.threads.Promise - Promise rejected by user
返回结果为123，进入失败回调
返回结果为123，进入finally回调
Promise结果为：123
尝试重启Promise
start wait.....
start wait.....
返回结果为456，进入成功回调
返回结果为456，进入finally回调
15:03:31.041 [1711350203980-exec-2] ERROR online.zust.qcqcqc.utils.threads.Promise - Promise rejected by user
返回结果为123，进入失败回调
返回结果为123，进入finally回调
]]></system-out>
  </testcase>
  <testcase name="testTimeout" classname="online.zust.qcqcqc.utils.TestDemos" time="3.015">
    <system-out><![CDATA[15:03:33.052 [main] DEBUG org.springframework.scheduling.concurrent.ThreadPoolTaskExecutor - Initializing ExecutorService
timeout
]]></system-out>
  </testcase>
  <testcase name="testNullTask" classname="online.zust.qcqcqc.utils.TestDemos" time="1.015">
    <system-out><![CDATA[15:03:36.068 [main] DEBUG org.springframework.scheduling.concurrent.ThreadPoolTaskExecutor - Initializing ExecutorService
未完成任务数量：1
任务全部完成
]]></system-out>
  </testcase>
  <testcase name="testSync" classname="online.zust.qcqcqc.utils.TestDemos" time="2.035">
    <system-out><![CDATA[15:03:37.085 [main] DEBUG org.springframework.scheduling.concurrent.ThreadPoolTaskExecutor - Initializing ExecutorService
start wait.....
返回结果为123，进入成功回调
start wait.....
start wait.....
返回结果为123，进入成功回调
返回结果为456，进入结束回调
Promise结果为：123 456
]]></system-out>
  </testcase>
  <testcase name="testProgressCallback" classname="online.zust.qcqcqc.utils.TestDemos" time="0.937">
    <system-out><![CDATA[15:03:39.122 [main] DEBUG org.springframework.scheduling.concurrent.ThreadPoolTaskExecutor - Initializing ExecutorService
15:03:39.243 [1711350203980-exec-13] INFO online.zust.qcqcqc.utils.threads.Tasks - 当前执行的线程1711350203980-exec-13，任务进度：1/10
15:03:39.258 [1711350203980-exec-19] INFO online.zust.qcqcqc.utils.threads.Tasks - 当前执行的线程1711350203980-exec-19，任务进度：2/10
15:03:39.327 [1711350203980-exec-11] INFO online.zust.qcqcqc.utils.threads.Tasks - 当前执行的线程1711350203980-exec-11，任务进度：3/10
15:03:39.351 [1711350203980-exec-15] INFO online.zust.qcqcqc.utils.threads.Tasks - 当前执行的线程1711350203980-exec-15，任务进度：4/10
15:03:39.376 [1711350203980-exec-20] INFO online.zust.qcqcqc.utils.threads.Tasks - 当前执行的线程1711350203980-exec-20，任务进度：5/10
15:03:39.584 [1711350203980-exec-14] INFO online.zust.qcqcqc.utils.threads.Tasks - 当前执行的线程1711350203980-exec-14，任务进度：6/10
15:03:39.594 [1711350203980-exec-17] INFO online.zust.qcqcqc.utils.threads.Tasks - 当前执行的线程1711350203980-exec-17，任务进度：7/10
15:03:39.696 [1711350203980-exec-16] INFO online.zust.qcqcqc.utils.threads.Tasks - 当前执行的线程1711350203980-exec-16，任务进度：8/10
15:03:39.802 [1711350203980-exec-12] INFO online.zust.qcqcqc.utils.threads.Tasks - 当前执行的线程1711350203980-exec-12，任务进度：9/10
15:03:40.057 [1711350203980-exec-18] INFO online.zust.qcqcqc.utils.threads.Tasks - 当前执行的线程1711350203980-exec-18，任务进度：10/10
任务全部完成
任务结果：[201, 675, 117, 457, 224, 569, 467, 929, 129, 249]
]]></system-out>
  </testcase>
  <testcase name="testMultiTask" classname="online.zust.qcqcqc.utils.TestDemos" time="0.981">
    <system-out><![CDATA[15:03:40.060 [main] DEBUG org.springframework.scheduling.concurrent.ThreadPoolTaskExecutor - Initializing ExecutorService
start wait.....
start wait.....
start wait.....
start wait.....
start wait.....
start wait.....
start wait.....
start wait.....
start wait.....
start wait.....
返回结果为9，进入成功回调
返回结果为1，进入成功回调
返回结果为8，进入成功回调
返回结果为6，进入成功回调
返回结果为0，进入成功回调
返回结果为7，进入成功回调
返回结果为3，进入成功回调
返回结果为4，进入成功回调
返回结果为5，进入成功回调
返回结果为2，进入成功回调
执行结果为：[9, 1, 8, 6, 0, 7, 3, 4, 5, 2]
Promise结果为：[0, 1, 2, 3, 4, 5, 6, 7, 8, 9]
]]></system-out>
  </testcase>
  <testcase name="testCreateThreadPool" classname="online.zust.qcqcqc.utils.TestDemos" time="0.002">
    <system-out><![CDATA[15:03:41.043 [main] DEBUG org.springframework.scheduling.concurrent.ThreadPoolTaskExecutor - Initializing ExecutorService
]]></system-out>
  </testcase>
  <testcase name="testSimple" classname="online.zust.qcqcqc.utils.TestDemos" time="1.011">
    <system-out><![CDATA[15:03:41.045 [main] DEBUG org.springframework.scheduling.concurrent.ThreadPoolTaskExecutor - Initializing ExecutorService
start promise....
返回结果为123，进入成功回调
返回结果为123，进入finally回调
Promise结果为：123
]]></system-out>
  </testcase>
  <testcase name="testMultiReturnValue" classname="online.zust.qcqcqc.utils.TestDemos" time="1.014">
    <system-out><![CDATA[15:03:42.057 [main] DEBUG org.springframework.scheduling.concurrent.ThreadPoolTaskExecutor - Initializing ExecutorService
Promise已启动，等待结果
start wait.....
start wait.....
返回结果为456，进入成功回调
返回结果为123，进入成功回调
Promise结果为：[123, 456]
]]></system-out>
  </testcase>
</testsuite>